2026-03-25T11:29:53Z [701C] {"message":"[13:29:16] [SETTINGS] Loaded - Temp=12.00°C±1.50, Hum=78.00%±3.00, Fan=40%/2min/1min","uptime":240}
2026-03-25T11:29:55Z [701C] {"message":"[13:29:18] [SENSOR] OK - 11.5°C, 23.1%","uptime":241}
2026-03-25T11:30:23Z [701C] {"message":"[13:29:46] Вентилатор ще се включи след: 0.5 мин (прогрес: 75%)","uptime":270}
2026-03-25T11:30:25Z [701C] {"message":"[13:29:48] [SENSOR] OK - 11.6°C, 24.3%","uptime":271}
2026-03-25T11:30:53Z [701C] {"message":"[13:30:16] [SETTINGS] Loaded - Temp=12.00°C±1.50, Hum=78.00%±3.00, Fan=40%/2min/1min","uptime":300}
2026-03-25T11:30:55Z [701C] {"message":"[13:30:18] [SENSOR] OK - 11.6°C, 25.7%","uptime":301}
2026-03-25T11:31:23Z [701C] {"message":"[13:30:46] [HEATING_MODE] Temp=11.7°C, Range=[10.5 - 13.5]°C","uptime":330}
2026-03-25T11:31:25Z [701C] {"message":"[13:30:48] [SENSOR] OK - 11.7°C, 26.7%","uptime":331}
2026-03-25T11:31:53Z [701C] {"message":"[13:31:16] [SETTINGS] Loaded - Temp=12.00°C±1.50, Hum=78.00%±3.00, Fan=40%/2min/1min","uptime":360}
2026-03-25T11:31:55Z [701C] {"message":"[13:31:18] [SENSOR] OK - 11.9°C, 28.1%","uptime":361}
2026-03-25T11:32:23Z [701C] {"message":"[13:31:46] Вентилатор ще се включи след: 1.5 мин (прогрес: 25%)","uptime":390}
2026-03-25T11:32:25Z [701C] {"message":"[13:31:48] [SENSOR] OK - 12.0°C, 29.2%","uptime":391}
2026-03-25T11:32:53Z [701C] {"message":"[13:32:16] [SETTINGS] Loaded - Temp=12.00°C±1.50, Hum=78.00%±3.00, Fan=40%/2min/1min","uptime":420}
2026-03-25T11:32:55Z [701C] {"message":"[13:32:18] [SENSOR] OK - 12.1°C, 30.0%","uptime":421}
2026-03-25T11:33:23Z [701C] {"message":"[13:32:46] Вентилатор ще се включи след: 0.5 мин (прогрес: 75%)","uptime":450}
2026-03-25T11:33:25Z [701C] {"message":"[13:32:48] [SENSOR] OK - 12.2°C, 30.8%","uptime":451}
2026-03-25T11:33:53Z [701C] {"message":"[13:33:16] Mix interval elapsed: 120001 ms since last mix (interval: 120000 ms)","uptime":480}
2026-03-25T11:33:55Z [701C] {"message":"[13:33:18] [SENSOR] OK - 12.3°C, 31.5%","uptime":481}
2026-03-25T11:34:23Z [701C] {"message":"[13:33:46] [HEATING_MODE] Temp=12.4°C, Range=[10.5 - 13.5]°C","uptime":510}
2026-03-25T11:34:25Z [701C] {"message":"[13:33:48] [SENSOR] OK - 12.4°C, 32.8%","uptime":511}
2026-03-25T11:34:53Z [701C] {"message":"[13:34:16] Fan turned off","uptime":540}
2026-03-25T11:34:55Z [701C] {"message":"[13:34:18] [SENSOR] OK - 12.5°C, 34.5%","uptime":541}
2026-03-25T11:35:23Z [701C] {"message":"[13:34:46] Вентилатор ще се включи след: 1.5 мин (прогрес: 25%)","uptime":570}
2026-03-25T11:35:25Z [701C] {"message":"[13:34:48] [SENSOR] OK - 12.8°C, 35.7%","uptime":571}
2026-03-25T11:35:53Z [701C] {"message":"[13:35:16] Вентилатор ще се включи след: 1.0 мин (прогрес: 50%)","uptime":600}
2026-03-25T11:35:55Z [701C] {"message":"[13:35:18] [SENSOR] OK - 12.9°C, 36.7%","uptime":601}
2026-03-25T11:36:23Z [701C] {"message":"[13:35:46] Вентилатор ще се включи след: 0.5 мин (прогрес: 75%)","uptime":630}
2026-03-25T11:36:25Z [701C] {"message":"[13:35:48] [SENSOR] OK - 13.0°C, 37.7%","uptime":631}
2026-03-25T11:36:50Z [701C] {"message":"[13:36:13] [SENSOR] Read error: Sensor not ready (1 consecutive)","uptime":656}
2026-03-25T11:36:53Z [701C] {"message":"[13:36:16] Mix interval elapsed: 120007 ms since last mix (interval: 120000 ms)","uptime":660}
2026-03-25T11:36:55Z [701C] {"message":"[13:36:18] [SENSOR] OK - 13.0°C, 38.7%","uptime":661}
2026-03-25T11:37:23Z [701C] {"message":"[13:36:46] [HEATING_MODE] Temp=13.1°C, Range=[10.5 - 13.5]°C","uptime":690}
2026-03-25T11:37:25Z [701C] {"message":"[13:36:48] [SENSOR] OK - 13.1°C, 40.3%","uptime":691}
2026-03-25T11:37:53Z [701C] {"message":"[13:37:16] Fan turned off","uptime":720}
2026-03-25T11:37:55Z [701C] {"message":"[13:37:18] [SENSOR] OK - 13.3°C, 41.3%","uptime":721}
2026-03-25T11:38:23Z [701C] {"message":"[13:37:46] Вентилатор ще се включи след: 1.5 мин (прогрес: 25%)","uptime":750}
2026-03-25T11:38:25Z [701C] {"message":"[13:37:48] [SENSOR] OK - 13.5°C, 42.1%","uptime":752}
2026-03-25T11:38:34Z [701C] {"message":"[13:37:58] [HEATING_MODE] Нагревател ИЗКЛЮЧЕН (горна граница)","uptime":762}
2026-03-25T11:38:53Z [701C] {"message":"[13:38:16] [SETTINGS] Loaded - Temp=12.00°C±1.50, Hum=78.00%±3.00, Fan=40%/2min/1min","uptime":780}
2026-03-25T11:38:55Z [701C] {"message":"[13:38:18] [SENSOR] OK - 13.6°C, 42.9%","uptime":782}
2026-03-25T11:39:20Z [701C] {"message":"[13:38:44] [FAN] Компресорен вентилатор ВКЛЮЧЕН след 45 сек","uptime":807}
2026-03-25T11:39:23Z [701C] {"message":"[13:38:47] [HEATING_MODE] Temp=13.7°C, Range=[10.5 - 13.5]°C","uptime":810}
2026-03-25T11:39:25Z [701C] {"message":"[13:38:48] [SENSOR] OK - 13.7°C, 43.5%","uptime":812}
2026-03-25T11:39:53Z [701C] {"message":"[13:39:16] [SETTINGS] Loaded - Temp=12.00°C±1.50, Hum=78.00%±3.00, Fan=40%/2min/1min","uptime":840}
2026-03-25T11:39:55Z [701C] {"message":"[13:39:18] [SENSOR] OK - 13.8°C, 41.1%","uptime":842}
2026-03-25T11:40:23Z [701C] {"message":"[13:39:47] [HEATING_MODE] Temp=13.8°C, Range=[10.5 - 13.5]°C","uptime":870}
2026-03-25T11:40:25Z [701C] {"message":"[13:39:48] [SENSOR] OK - 13.8°C, 34.9%","uptime":872}
2026-03-25T11:40:53Z [701C] {"message":"[13:40:16] [SETTINGS] Loaded - Temp=12.00°C±1.50, Hum=78.00%±3.00, Fan=40%/2min/1min","uptime":900}
2026-03-25T11:40:55Z [701C] {"message":"[13:40:18] [SENSOR] OK - 13.8°C, 29.3%","uptime":902}
2026-03-25T11:41:23Z [701C] {"message":"[13:40:47] [HEATING_MODE] Temp=13.7°C, Range=[10.5 - 13.5]°C","uptime":930}
2026-03-25T11:41:25Z [701C] {"message":"[13:40:48] [SENSOR] OK - 13.6°C, 25.9%","uptime":932}
2026-03-25T11:41:53Z [701C] {"message":"[13:41:16] [SETTINGS] Loaded - Temp=12.00°C±1.50, Hum=78.00%±3.00, Fan=40%/2min/1min","uptime":960}
2026-03-25T11:41:55Z [701C] {"message":"[13:41:18] [SENSOR] OK - 13.4°C, 22.3%","uptime":962}
2026-03-25T11:42:23Z [701C] {"message":"[13:41:47] [HEATING_MODE] Temp=13.1°C, Range=[10.5 - 13.5]°C","uptime":990}
2026-03-25T11:42:25Z [701C] {"message":"[13:41:48] [SENSOR] OK - 13.0°C, 20.1%","uptime":992}
2026-03-25T11:42:53Z [701C] {"message":"[13:42:16] [SETTINGS] Loaded - Temp=12.00°C±1.50, Hum=78.00%±3.00, Fan=40%/2min/1min","uptime":1020}
2026-03-25T11:42:55Z [701C] {"message":"[13:42:18] [SENSOR] OK - 12.7°C, 18.4%","uptime":1022}
2026-03-25T11:43:23Z [701C] {"message":"[13:42:47] [HEATING_MODE] Temp=12.4°C, Range=[10.5 - 13.5]°C","uptime":1050}
2026-03-25T11:43:25Z [701C] {"message":"[13:42:49] [SENSOR] OK - 12.3°C, 17.1%","uptime":1052}
2026-03-25T11:43:53Z [701C] {"message":"[13:43:16] [SETTINGS] Loaded - Temp=12.00°C±1.50, Hum=78.00%±3.00, Fan=40%/2min/1min","uptime":1080}
2026-03-25T11:43:53Z [701C] {"message":"[13:43:17] ==================","uptime":1080}
2026-03-25T11:43:55Z [701C] {"message":"[13:43:19] [SENSOR] OK - 11.9°C, 16.1%","uptime":1082}
2026-03-25T11:44:22Z [701C] {"message":"[13:43:47] [HEATING_MODE] Temp=11.6°C, Range=[10.5 - 13.5]°C","uptime":1110}
2026-03-25T11:44:24Z [701C] {"message":"[13:43:49] [SENSOR] OK - 11.5°C, 15.1%","uptime":1112}
2026-03-25T11:44:52Z [701C] {"message":"[13:44:16] [SETTINGS] Loaded - Temp=12.00°C±1.50, Hum=78.00%±3.00, Fan=40%/2min/1min","uptime":1140}
2026-03-25T11:44:52Z [701C] {"message":"[13:44:17] ==================","uptime":1140}
2026-03-25T11:44:54Z [701C] {"message":"[13:44:19] [SENSOR] OK - 11.1°C, 14.4%","uptime":1142}
2026-03-25T11:45:22Z [701C] {"message":"[13:44:47] [HEATING_MODE] Temp=10.7°C, Range=[10.5 - 13.5]°C","uptime":1170}
2026-03-25T11:45:24Z [701C] {"message":"[13:44:49] [SENSOR] OK - 10.6°C, 13.9%","uptime":1172}
2026-03-25T11:45:40Z [701C] {"message":"[13:45:04] DataManager: Saving cycle to file /comp_cycles.bin","uptime":1187}
2026-03-25T11:45:52Z [701C] {"message":"[13:45:16] [SETTINGS] Loaded - Temp=12.00°C±1.50, Hum=78.00%±3.00, Fan=40%/2min/1min","uptime":1200}
2026-03-25T11:45:52Z [701C] {"message":"[13:45:17] ==================","uptime":1200}
2026-03-25T11:45:54Z [701C] {"message":"[13:45:19] [SENSOR] OK - 10.2°C, 13.2%","uptime":1202}
2026-03-25T11:46:22Z [701C] {"message":"[13:45:47] [HEATING_MODE] Temp=9.8°C, Range=[10.5 - 13.5]°C","uptime":1230}
2026-03-25T11:46:24Z [701C] {"message":"[13:45:49] [SENSOR] OK - 9.8°C, 13.4%","uptime":1232}
2026-03-25T11:46:52Z [701C] {"message":"[13:46:16] [SETTINGS] Loaded - Temp=12.00°C±1.50, Hum=78.00%±3.00, Fan=40%/2min/1min","uptime":1260}
2026-03-25T11:46:52Z [701C] {"message":"[13:46:17] ==================","uptime":1260}
2026-03-25T11:46:54Z [701C] {"message":"[13:46:19] [SENSOR] OK - 9.4°C, 15.5%","uptime":1262}
2026-03-25T11:47:10Z [701C] {"message":"[13:46:34] [FAN] Компресорен вентилатор ИЗКЛЮЧЕН след 90 сек разширено време","uptime":1277}
2026-03-25T11:47:22Z [701C] {"message":"[13:46:47] [HEATING_MODE] Temp=9.2°C, Range=[10.5 - 13.5]°C","uptime":1290}
2026-03-25T11:47:24Z [701C] {"message":"[13:46:49] [SENSOR] OK - 9.2°C, 19.9%","uptime":1292}
2026-03-25T11:47:54Z [701C] {"message":"[13:47:17] [SETTINGS] Loaded - Temp=12.00°C±1.50, Hum=78.00%±3.00, Fan=40%/2min/1min","uptime":1320}
2026-03-25T11:47:52Z [701C] {"message":"[13:47:17] ==================","uptime":1320}
2026-03-25T11:47:54Z [701C] {"message":"[13:47:19] [SENSOR] OK - 9.2°C, 23.5%","uptime":1322}
2026-03-25T11:48:10Z [701C] {"message":"[13:47:34] Fan turned off","uptime":1337}
2026-03-25T11:48:24Z [701C] {"message":"[13:47:47] [HEATING_MODE] Temp=9.3°C, Range=[10.5 - 13.5]°C","uptime":1350}
2026-03-25T11:48:24Z [701C] {"message":"[13:47:49] [SENSOR] OK - 9.3°C, 25.7%","uptime":1352}
2026-03-25T11:48:40Z [701C] {"message":"[13:48:04] Вентилатор ще се включи след: 1.5 мин (прогрес: 25%)","uptime":1367}
2026-03-25T11:48:51Z [701C] {"message":"[13:48:14] [SENSOR] Read error: Timeout D error (1 consecutive)","uptime":1377}
2026-03-25T11:48:54Z [701C] {"message":"[13:48:17] [SETTINGS] Loaded - Temp=12.00°C±1.50, Hum=78.00%±3.00, Fan=40%/2min/1min","uptime":1380}
2026-03-25T11:48:52Z [701C] {"message":"[13:48:17] ==================","uptime":1380}
2026-03-25T11:48:54Z [701C] {"message":"[13:48:19] [SENSOR] OK - 9.4°C, 26.9%","uptime":1382}
2026-03-25T11:49:10Z [701C] {"message":"[13:48:34] Вентилатор ще се включи след: 1.0 мин (прогрес: 50%)","uptime":1397}
2026-03-25T11:49:24Z [701C] {"message":"[13:48:47] [HEATING_MODE] Temp=9.5°C, Range=[10.5 - 13.5]°C","uptime":1410}
2026-03-25T11:49:24Z [701C] {"message":"[13:48:47] ==================","uptime":1410}
2026-03-25T11:49:24Z [701C] {"message":"[13:48:49] [SENSOR] OK - 9.5°C, 27.7%","uptime":1412}
2026-03-25T11:49:40Z [701C] {"message":"[13:49:04] Вентилатор ще се включи след: 0.5 мин (прогрес: 75%)","uptime":1427}
2026-03-25T11:49:53Z [701C] {"message":"[13:49:17] [SETTINGS] Loaded - Temp=12.00°C±1.50, Hum=78.00%±3.00, Fan=40%/2min/1min","uptime":1440}
2026-03-25T11:49:54Z [701C] {"message":"[13:49:17] ==================","uptime":1440}
2026-03-25T11:49:54Z [701C] {"message":"[13:49:19] [SENSOR] OK - 9.6°C, 29.2%","uptime":1442}
2026-03-25T11:50:10Z [701C] {"message":"[13:49:34] Mix interval elapsed: 120016 ms since last mix (interval: 120000 ms)","uptime":1457}
2026-03-25T11:50:24Z [701C] {"message":"[13:49:47] [HEATING_MODE] Temp=9.7°C, Range=[10.5 - 13.5]°C","uptime":1470}
2026-03-25T11:50:24Z [701C] {"message":"[13:49:47] ==================","uptime":1470}
2026-03-25T11:50:24Z [701C] {"message":"[13:49:49] [SENSOR] OK - 9.8°C, 29.8%","uptime":1472}
2026-03-25T11:50:53Z [701C] {"message":"[13:50:17] [SETTINGS] Loaded - Temp=12.00°C±1.50, Hum=78.00%±3.00, Fan=40%/2min/1min","uptime":1500}
2026-03-25T11:50:54Z [701C] {"message":"[13:50:17] ==================","uptime":1501}
2026-03-25T11:50:54Z [701C] {"message":"[13:50:19] [SENSOR] OK - 9.9°C, 31.0%","uptime":1502}
2026-03-25T11:51:10Z [701C] {"message":"[13:50:34] Fan turned off","uptime":1517}
2026-03-25T11:51:24Z [701C] {"message":"[13:50:47] [HEATING_MODE] Temp=10.1°C, Range=[10.5 - 13.5]°C","uptime":1530}
2026-03-25T11:51:24Z [701C] {"message":"[13:50:47] ==================","uptime":1531}
2026-03-25T11:51:26Z [701C] {"message":"[13:50:49] [SENSOR] OK - 10.1°C, 32.4%","uptime":1532}
2026-03-25T11:51:40Z [701C] {"message":"[13:51:04] Вентилатор ще се включи след: 1.5 мин (прогрес: 25%)","uptime":1547}
2026-03-25T11:51:53Z [701C] {"message":"[13:51:17] [SETTINGS] Loaded - Temp=12.00°C±1.50, Hum=78.00%±3.00, Fan=40%/2min/1min","uptime":1560}
2026-03-25T11:51:54Z [701C] {"message":"[13:51:17] ==================","uptime":1561}
2026-03-25T11:51:56Z [701C] {"message":"[13:51:19] [SENSOR] OK - 10.3°C, 33.1%","uptime":1562}
2026-03-25T11:52:10Z [701C] {"message":"[13:51:34] Вентилатор ще се включи след: 1.0 мин (прогрес: 50%)","uptime":1577}
2026-03-25T11:52:24Z [701C] {"message":"[13:51:47] [HEATING_MODE] Temp=10.4°C, Range=[10.5 - 13.5]°C","uptime":1590}
2026-03-25T11:52:24Z [701C] {"message":"[13:51:47] ==================","uptime":1591}
2026-03-25T11:52:26Z [701C] {"message":"[13:51:49] [SENSOR] OK - 10.4°C, 33.6%","uptime":1592}
2026-03-25T11:52:40Z [701C] {"message":"[13:52:04] Вентилатор ще се включи след: 0.5 мин (прогрес: 75%)","uptime":1607}
2026-03-25T11:52:53Z [701C] {"message":"[13:52:17] [SETTINGS] Loaded - Temp=12.00°C±1.50, Hum=78.00%±3.00, Fan=40%/2min/1min","uptime":1620}
2026-03-25T11:52:54Z [701C] {"message":"[13:52:17] ==================","uptime":1621}
2026-03-25T11:52:56Z [701C] {"message":"[13:52:19] [SENSOR] OK - 10.6°C, 34.1%","uptime":1622}
2026-03-25T11:53:10Z [701C] {"message":"[13:52:34] Mix interval elapsed: 120102 ms since last mix (interval: 120000 ms)","uptime":1637}
2026-03-25T11:53:24Z [701C] {"message":"[13:52:47] [HEATING_MODE] Temp=10.6°C, Range=[10.5 - 13.5]°C","uptime":1650}
2026-03-25T11:53:24Z [701C] {"message":"[13:52:47] ==================","uptime":1651}
2026-03-25T11:53:26Z [701C] {"message":"[13:52:49] [SENSOR] OK - 10.7°C, 35.4%","uptime":1652}
2026-03-25T11:53:53Z [701C] {"message":"[13:53:17] [SETTINGS] Loaded - Temp=12.00°C±1.50, Hum=78.00%±3.00, Fan=40%/2min/1min","uptime":1680}
2026-03-25T11:53:54Z [701C] {"message":"[13:53:17] ==================","uptime":1681}
2026-03-25T11:53:56Z [701C] {"message":"[13:53:19] [SENSOR] OK - 10.8°C, 36.7%","uptime":1682}
2026-03-25T11:54:10Z [701C] {"message":"[13:53:34] Fan turned off","uptime":1697}
2026-03-25T11:54:24Z [701C] {"message":"[13:53:47] [HEATING_MODE] Temp=11.0°C, Range=[10.5 - 13.5]°C","uptime":1710}
2026-03-25T11:54:24Z [701C] {"message":"[13:53:47] ==================","uptime":1711}
2026-03-25T11:54:26Z [701C] {"message":"[13:53:49] [SENSOR] OK - 11.1°C, 37.8%","uptime":1712}
2026-03-25T11:54:40Z [701C] {"message":"[13:54:04] Вентилатор ще се включи след: 1.5 мин (прогрес: 25%)","uptime":1727}
2026-03-25T11:54:53Z [701C] {"message":"[13:54:17] [SETTINGS] Loaded - Temp=12.00°C±1.50, Hum=78.00%±3.00, Fan=40%/2min/1min","uptime":1740}
2026-03-25T11:54:54Z [701C] {"message":"[13:54:17] ==================","uptime":1741}
2026-03-25T11:54:56Z [701C] {"message":"[13:54:19] [SENSOR] OK - 11.2°C, 38.4%","uptime":1742}
2026-03-25T11:55:10Z [701C] {"message":"[13:54:34] Вентилатор ще се включи след: 1.0 мин (прогрес: 50%)","uptime":1758}
2026-03-25T11:55:24Z [701C] {"message":"[13:54:47] [HEATING_MODE] Temp=11.3°C, Range=[10.5 - 13.5]°C","uptime":1770}
2026-03-25T11:55:24Z [701C] {"message":"[13:54:48] ==================","uptime":1771}
2026-03-25T11:55:26Z [701C] {"message":"[13:54:49] [SENSOR] OK - 11.4°C, 39.0%","uptime":1772}
2026-03-25T11:55:40Z [701C] {"message":"[13:55:04] Вентилатор ще се включи след: 0.5 мин (прогрес: 75%)","uptime":1788}
2026-03-25T11:55:53Z [701C] {"message":"[13:55:17] [SETTINGS] Loaded - Temp=12.00°C±1.50, Hum=78.00%±3.00, Fan=40%/2min/1min","uptime":1800}
2026-03-25T11:55:54Z [701C] {"message":"[13:55:18] ==================","uptime":1801}
2026-03-25T11:55:56Z [701C] {"message":"[13:55:19] [SENSOR] OK - 11.5°C, 40.2%","uptime":1802}
2026-03-25T11:56:10Z [701C] {"message":"[13:55:34] Mix interval elapsed: 120095 ms since last mix (interval: 120000 ms)","uptime":1818}
2026-03-25T11:56:24Z [701C] {"message":"[13:55:47] [HEATING_MODE] Temp=11.5°C, Range=[10.5 - 13.5]°C","uptime":1830}
2026-03-25T11:56:24Z [701C] {"message":"[13:55:48] ==================","uptime":1831}
2026-03-25T11:56:26Z [701C] {"message":"[13:55:49] [SENSOR] OK - 11.6°C, 41.4%","uptime":1832}
2026-03-25T11:56:53Z [701C] {"message":"[13:56:17] [SETTINGS] Loaded - Temp=12.00°C±1.50, Hum=78.00%±3.00, Fan=40%/2min/1min","uptime":1860}
2026-03-25T11:56:54Z [701C] {"message":"[13:56:18] ==================","uptime":1861}
2026-03-25T11:56:56Z [701C] {"message":"[13:56:19] [SENSOR] OK - 11.7°C, 42.3%","uptime":1862}
2026-03-25T11:57:10Z [701C] {"message":"[13:56:34] Fan turned off","uptime":1878}
2026-03-25T11:57:24Z [701C] {"message":"[13:56:47] [HEATING_MODE] Temp=11.9°C, Range=[10.5 - 13.5]°C","uptime":1890}
2026-03-25T11:57:24Z [701C] {"message":"[13:56:48] ==================","uptime":1891}
2026-03-25T11:57:26Z [701C] {"message":"[13:56:49] [SENSOR] OK - 11.9°C, 43.2%","uptime":1892}
2026-03-25T11:57:40Z [701C] {"message":"[13:57:04] Вентилатор ще се включи след: 1.5 мин (прогрес: 25%)","uptime":1908}
2026-03-25T11:57:53Z [701C] {"message":"[13:57:17] [SETTINGS] Loaded - Temp=12.00°C±1.50, Hum=78.00%±3.00, Fan=40%/2min/1min","uptime":1920}
2026-03-25T11:57:54Z [701C] {"message":"[13:57:18] ==================","uptime":1921}
2026-03-25T11:57:56Z [701C] {"message":"[13:57:19] [SENSOR] OK - 12.1°C, 43.7%","uptime":1922}
2026-03-25T11:58:10Z [701C] {"message":"[13:57:34] Вентилатор ще се включи след: 1.0 мин (прогрес: 50%)","uptime":1938}
2026-03-25T11:58:24Z [701C] {"message":"[13:57:47] [HEATING_MODE] Temp=12.2°C, Range=[10.5 - 13.5]°C","uptime":1950}
2026-03-25T11:58:24Z [701C] {"message":"[13:57:48] ==================","uptime":1951}
2026-03-25T11:58:26Z [701C] {"message":"[13:57:49] [SENSOR] OK - 12.2°C, 44.5%","uptime":1953}
2026-03-25T11:58:40Z [701C] {"message":"[13:58:04] Вентилатор ще се включи след: 0.5 мин (прогрес: 75%)","uptime":1968}
2026-03-25T11:58:53Z [701C] {"message":"[13:58:17] [SETTINGS] Loaded - Temp=12.00°C±1.50, Hum=78.00%±3.00, Fan=40%/2min/1min","uptime":1980}
2026-03-25T11:58:54Z [701C] {"message":"[13:58:18] ==================","uptime":1981}
2026-03-25T11:58:56Z [701C] {"message":"[13:58:19] [SENSOR] OK - 12.3°C, 45.9%","uptime":1983}
2026-03-25T11:59:10Z [701C] {"message":"[13:58:34] Mix interval elapsed: 120086 ms since last mix (interval: 120000 ms)","uptime":1998}
2026-03-25T11:59:24Z [701C] {"message":"[13:58:47] [HEATING_MODE] Temp=12.4°C, Range=[10.5 - 13.5]°C","uptime":2010}
2026-03-25T11:59:24Z [701C] {"message":"[13:58:48] ==================","uptime":2011}
2026-03-25T11:59:26Z [701C] {"message":"[13:58:49] [SENSOR] OK - 12.4°C, 47.2%","uptime":2013}
2026-03-25T11:59:53Z [701C] {"message":"[13:59:17] [SETTINGS] Loaded - Temp=12.00°C±1.50, Hum=78.00%±3.00, Fan=40%/2min/1min","uptime":2040}
2026-03-25T11:59:54Z [701C] {"message":"[13:59:18] ==================","uptime":2041}
2026-03-25T11:59:56Z [701C] {"message":"[13:59:19] [SENSOR] OK - 12.5°C, 47.5%","uptime":2043}
2026-03-25T12:00:10Z [701C] {"message":"[13:59:35] Fan turned off","uptime":2058}
2026-03-25T12:00:24Z [701C] {"message":"[13:59:47] [HEATING_MODE] Temp=12.7°C, Range=[10.5 - 13.5]°C","uptime":2070}
2026-03-25T12:00:24Z [701C] {"message":"[13:59:48] ==================","uptime":2071}
2026-03-25T12:00:26Z [701C] {"message":"[13:59:49] [SENSOR] OK - 12.8°C, 47.9%","uptime":2073}
2026-03-25T12:00:40Z [701C] {"message":"[14:00:05] Вентилатор ще се включи след: 1.5 мин (прогрес: 25%)","uptime":2088}
2026-03-25T12:00:53Z [701C] {"message":"[14:00:17] [SETTINGS] Loaded - Temp=12.00°C±1.50, Hum=78.00%±3.00, Fan=40%/2min/1min","uptime":2100}
2026-03-25T12:00:54Z [701C] {"message":"[14:00:18] ==================","uptime":2101}
2026-03-25T12:00:56Z [701C] {"message":"[14:00:19] [SENSOR] OK - 13.0°C, 48.1%","uptime":2103}
2026-03-25T12:01:10Z [701C] {"message":"[14:00:35] Вентилатор ще се включи след: 1.0 мин (прогрес: 50%)","uptime":2118}
2026-03-25T12:01:24Z [701C] {"message":"[14:00:47] [HEATING_MODE] Temp=13.1°C, Range=[10.5 - 13.5]°C","uptime":2130}
2026-03-25T12:01:24Z [701C] {"message":"[14:00:48] ==================","uptime":2131}
2026-03-25T12:01:26Z [701C] {"message":"[14:00:49] [SENSOR] OK - 13.1°C, 49.6%","uptime":2133}
2026-03-25T12:01:40Z [701C] {"message":"[14:01:05] Вентилатор ще се включи след: 0.5 мин (прогрес: 75%)","uptime":2148}
2026-03-25T12:01:53Z [701C] {"message":"[14:01:17] [SETTINGS] Loaded - Temp=12.00°C±1.50, Hum=78.00%±3.00, Fan=40%/2min/1min","uptime":2160}
2026-03-25T12:01:54Z [701C] {"message":"[14:01:18] ==================","uptime":2161}
2026-03-25T12:01:56Z [701C] {"message":"[14:01:19] [SENSOR] OK - 13.1°C, 50.8%","uptime":2163}
2026-03-25T12:02:10Z [701C] {"message":"[14:01:35] Mix interval elapsed: 120132 ms since last mix (interval: 120000 ms)","uptime":2178}
2026-03-25T12:02:24Z [701C] {"message":"[14:01:47] [HEATING_MODE] Temp=13.2°C, Range=[10.5 - 13.5]°C","uptime":2190}
2026-03-25T12:02:24Z [701C] {"message":"[14:01:48] ==================","uptime":2191}
2026-03-25T12:02:26Z [701C] {"message":"[14:01:50] [SENSOR] OK - 13.2°C, 51.7%","uptime":2193}
2026-03-25T12:02:53Z [701C] {"message":"[14:02:17] [SETTINGS] Loaded - Temp=12.00°C±1.50, Hum=78.00%±3.00, Fan=40%/2min/1min","uptime":2220}
2026-03-25T12:02:55Z [701C] {"message":"[14:02:18] ==================","uptime":2221}
2026-03-25T12:02:56Z [701C] {"message":"[14:02:20] [SENSOR] OK - 13.4°C, 51.7%","uptime":2223}
2026-03-25T12:03:10Z [701C] {"message":"[14:02:35] Fan turned off","uptime":2238}
2026-03-25T12:03:21Z [701C] {"message":"[14:02:45] [HEATING_MODE] Нагревател ИЗКЛЮЧЕН (горна граница)","uptime":2248}
2026-03-25T12:03:23Z [701C] {"message":"[14:02:47] [HEATING_MODE] Temp=13.6°C, Range=[10.5 - 13.5]°C","uptime":2250}
2026-03-25T12:03:24Z [701C] {"message":"[14:02:48] ==================","uptime":2251}
2026-03-25T12:03:26Z [701C] {"message":"[14:02:50] [SENSOR] OK - 13.6°C, 51.9%","uptime":2253}
2026-03-25T12:03:53Z [701C] {"message":"[14:03:17] [SETTINGS] Loaded - Temp=12.00°C±1.50, Hum=78.00%±3.00, Fan=40%/2min/1min","uptime":2280}
2026-03-25T12:03:54Z [701C] {"message":"[14:03:18] ==================","uptime":2281}
2026-03-25T12:03:56Z [701C] {"message":"[14:03:20] [SENSOR] OK - 13.8°C, 52.2%","uptime":2283}
2026-03-25T12:04:05Z [701C] {"message":"[14:03:30] [FAN] Компресорен вентилатор ВКЛЮЧЕН след 45 сек","uptime":2293}
2026-03-25T12:04:23Z [701C] {"message":"[14:03:47] [HEATING_MODE] Temp=13.9°C, Range=[10.5 - 13.5]°C","uptime":2310}
2026-03-25T12:04:24Z [701C] {"message":"[14:03:48] ==================","uptime":2311}
2026-03-25T12:04:26Z [701C] {"message":"[14:03:50] [SENSOR] OK - 13.9°C, 51.5%","uptime":2313}
2026-03-25T12:04:53Z [701C] {"message":"[14:04:17] [SETTINGS] Loaded - Temp=12.00°C±1.50, Hum=78.00%±3.00, Fan=40%/2min/1min","uptime":2340}
2026-03-25T12:04:54Z [701C] {"message":"[14:04:18] ==================","uptime":2341}
2026-03-25T12:04:56Z [701C] {"message":"[14:04:20] [SENSOR] OK - 14.1°C, 44.9%","uptime":2343}
2026-03-25T12:05:23Z [701C] {"message":"[14:04:47] [HEATING_MODE] Temp=14.1°C, Range=[10.5 - 13.5]°C","uptime":2370}
2026-03-25T12:05:24Z [701C] {"message":"[14:04:48] ==================","uptime":2371}
2026-03-25T12:05:26Z [701C] {"message":"[14:04:50] [SENSOR] OK - 14.1°C, 37.3%","uptime":2373}
2026-03-25T12:05:53Z [701C] {"message":"[14:05:17] [SETTINGS] Loaded - Temp=12.00°C±1.50, Hum=78.00%±3.00, Fan=40%/2min/1min","uptime":2400}
2026-03-25T12:05:54Z [701C] {"message":"[14:05:18] ==================","uptime":2401}
2026-03-25T12:05:56Z [701C] {"message":"[14:05:20] [SENSOR] OK - 14.1°C, 31.4%","uptime":2403}
2026-03-25T12:06:23Z [701C] {"message":"[14:05:47] [HEATING_MODE] Temp=14.0°C, Range=[10.5 - 13.5]°C","uptime":2430}
2026-03-25T12:06:24Z [701C] {"message":"[14:05:48] ==================","uptime":2431}
2026-03-25T12:06:26Z [701C] {"message":"[14:05:50] [SENSOR] OK - 13.9°C, 27.1%","uptime":2433}
2026-03-25T12:06:53Z [701C] {"message":"[14:06:17] [SETTINGS] Loaded - Temp=12.00°C±1.50, Hum=78.00%±3.00, Fan=40%/2min/1min","uptime":2460}
2026-03-25T12:06:54Z [701C] {"message":"[14:06:18] ==================","uptime":2461}
2026-03-25T12:06:56Z [701C] {"message":"[14:06:20] [SENSOR] OK - 13.7°C, 24.0%","uptime":2463}
2026-03-25T12:07:23Z [701C] {"message":"[14:06:47] [HEATING_MODE] Temp=13.4°C, Range=[10.5 - 13.5]°C","uptime":2490}
2026-03-25T12:07:24Z [701C] {"message":"[14:06:48] ==================","uptime":2491}
2026-03-25T12:07:26Z [701C] {"message":"[14:06:50] [SENSOR] OK - 13.3°C, 21.6%","uptime":2493}
2026-03-25T12:07:53Z [701C] {"message":"[14:07:17] [SETTINGS] Loaded - Temp=12.00°C±1.50, Hum=78.00%±3.00, Fan=40%/2min/1min","uptime":2520}
2026-03-25T12:07:54Z [701C] {"message":"[14:07:18] ==================","uptime":2521}
2026-03-25T12:07:57Z [701C] {"message":"[14:07:20] [SENSOR] OK - 13.0°C, 19.7%","uptime":2523}
2026-03-25T12:08:23Z [701C] {"message":"[14:07:47] [HEATING_MODE] Temp=12.6°C, Range=[10.5 - 13.5]°C","uptime":2550}
2026-03-25T12:08:24Z [701C] {"message":"[14:07:48] ==================","uptime":2551}
2026-03-25T12:08:26Z [701C] {"message":"[14:07:50] [SENSOR] OK - 12.6°C, 18.4%","uptime":2553}
2026-03-25T12:08:53Z [701C] {"message":"[14:08:17] [SETTINGS] Loaded - Temp=12.00°C±1.50, Hum=78.00%±3.00, Fan=40%/2min/1min","uptime":2580}
2026-03-25T12:08:54Z [701C] {"message":"[14:08:18] ==================","uptime":2581}
2026-03-25T12:08:56Z [701C] {"message":"[14:08:20] [SENSOR] OK - 12.1°C, 17.1%","uptime":2583}
2026-03-25T12:09:23Z [701C] {"message":"[14:08:47] [HEATING_MODE] Temp=11.8°C, Range=[10.5 - 13.5]°C","uptime":2610}
2026-03-25T12:09:24Z [701C] {"message":"[14:08:48] ==================","uptime":2611}
2026-03-25T12:09:26Z [701C] {"message":"[14:08:50] [SENSOR] OK - 11.7°C, 16.2%","uptime":2613}
2026-03-25T12:09:53Z [701C] {"message":"[14:09:17] [SETTINGS] Loaded - Temp=12.00°C±1.50, Hum=78.00%±3.00, Fan=40%/2min/1min","uptime":2640}
2026-03-25T12:09:54Z [701C] {"message":"[14:09:18] ==================","uptime":2641}
2026-03-25T12:09:56Z [701C] {"message":"[14:09:20] [SENSOR] OK - 11.3°C, 15.4%","uptime":2643}
2026-03-25T12:10:23Z [701C] {"message":"[14:09:47] [HEATING_MODE] Temp=11.0°C, Range=[10.5 - 13.5]°C","uptime":2670}
2026-03-25T12:10:24Z [701C] {"message":"[14:09:48] ==================","uptime":2671}
2026-03-25T12:10:26Z [701C] {"message":"[14:09:50] [SENSOR] OK - 10.9°C, 14.9%","uptime":2673}
2026-03-25T12:10:53Z [701C] {"message":"[14:10:17] [SETTINGS] Loaded - Temp=12.00°C±1.50, Hum=78.00%±3.00, Fan=40%/2min/1min","uptime":2700}
2026-03-25T12:10:54Z [701C] {"message":"[14:10:18] Logs cleared","uptime":2701}
2026-03-25T12:10:54Z [701C] {"message":"[14:10:18] Cleaned up 8 old log archives","uptime":2701}
2026-03-25T12:10:56Z [701C] {"message":"[14:10:20] [SENSOR] OK - 10.4°C, 14.0%","uptime":2703}
2026-03-25T12:11:24Z [701C] {"message":"[14:10:48] [HEATING_MODE] Temp=10.1°C, Range=[10.5 - 13.5]°C","uptime":2731}
2026-03-25T12:11:26Z [701C] {"message":"[14:10:50] [SENSOR] OK - 10.0°C, 13.9%","uptime":2733}
2026-03-25T12:11:53Z [701C] {"message":"[14:11:17] [SETTINGS] Loaded - Temp=12.00°C±1.50, Hum=78.00%±3.00, Fan=40%/2min/1min","uptime":2760}
2026-03-25T12:11:54Z [701C] {"message":"[14:11:18] [HEATING_MODE] Temp=9.7°C, Range=[10.5 - 13.5]°C","uptime":2761}
2026-03-25T12:11:57Z [701C] {"message":"[14:11:20] [SENSOR] OK - 9.6°C, 14.7%","uptime":2763}
2026-03-25T12:12:24Z [701C] {"message":"[14:11:48] [HEATING_MODE] Temp=9.4°C, Range=[10.5 - 13.5]°C","uptime":2792}
2026-03-25T12:12:26Z [701C] {"message":"[14:11:50] [SENSOR] OK - 9.3°C, 18.3%","uptime":2793}
2026-03-25T12:12:53Z [701C] {"message":"[14:12:17] [SETTINGS] Loaded - Temp=12.00°C±1.50, Hum=78.00%±3.00, Fan=40%/2min/1min","uptime":2820}
2026-03-25T12:12:54Z [701C] {"message":"[14:12:18] [HEATING_MODE] Temp=9.2°C, Range=[10.5 - 13.5]°C","uptime":2822}
2026-03-25T12:12:57Z [701C] {"message":"[14:12:20] [SENSOR] OK - 9.2°C, 22.4%","uptime":2823}
2026-03-25T12:13:24Z [701C] {"message":"[14:12:48] [HEATING_MODE] Temp=9.2°C, Range=[10.5 - 13.5]°C","uptime":2852}
2026-03-25T12:13:27Z [701C] {"message":"[14:12:50] [SENSOR] OK - 9.3°C, 25.2%","uptime":2853}
