2026-03-20T21:33:22Z [773C] {"message":"[23:25:22] [SENSOR] OK - 28.2°C, 38.2%","uptime":4281}
2026-03-20T21:33:35Z [773C] {"message":"[23:25:35] [HEATING_MODE] Temp=28.1°C, Range=[17.1 - 19.9]°C","uptime":4294}
2026-03-20T21:33:35Z [773C] Test log message from mosquitto
2026-03-20T21:33:35Z [773C] {"message":"[23:25:36] ==================","uptime":4295}
2026-03-20T21:33:52Z [773C] {"message":"[23:25:52] [SENSOR] OK - 28.2°C, 38.5%","uptime":4311}
2026-03-20T21:34:03Z [773C] {"message":"[23:26:04] [SETTINGS] Loaded - Temp=18.50°C±1.40, Hum=83.00%±3.00, Fan=50%/1min/1min","uptime":4323}
2026-03-20T21:34:05Z [773C] {"message":"[23:26:05] [HEATING_MODE] Temp=28.2°C, Range=[17.1 - 19.9]°C","uptime":4324}
2026-03-20T21:34:05Z [773C] {"message":"[23:26:06] ==================","uptime":4325}
2026-03-20T21:34:22Z [773C] {"message":"[23:26:22] [SENSOR] OK - 28.1°C, 39.2%","uptime":4341}
2026-03-20T21:34:35Z [773C] {"message":"[23:26:35] [HEATING_MODE] Temp=28.1°C, Range=[17.1 - 19.9]°C","uptime":4354}
2026-03-20T21:34:35Z [773C] {"message":"[23:26:36] ==================","uptime":4355}
2026-03-20T21:34:52Z [773C] {"message":"[23:26:52] [SENSOR] OK - 28.2°C, 38.5%","uptime":4371}
2026-03-20T21:35:03Z [773C] {"message":"[23:27:04] [SETTINGS] Loaded - Temp=18.50°C±1.40, Hum=83.00%±3.00, Fan=50%/1min/1min","uptime":4383}
2026-03-20T21:35:05Z [773C] {"message":"[23:27:05] [HEATING_MODE] Temp=28.1°C, Range=[17.1 - 19.9]°C","uptime":4384}
2026-03-20T21:35:05Z [773C] {"message":"[23:27:06] ==================","uptime":4385}
2026-03-20T21:35:22Z [773C] {"message":"[23:27:22] [SENSOR] OK - 28.2°C, 39.0%","uptime":4401}
2026-03-20T21:35:35Z [773C] {"message":"[23:27:35] [HEATING_MODE] Temp=28.2°C, Range=[17.1 - 19.9]°C","uptime":4414}
2026-03-20T21:35:35Z [773C] {"message":"[23:27:36] ==================","uptime":4415}
2026-03-20T21:35:52Z [773C] {"message":"[23:27:52] [SENSOR] OK - 28.2°C, 38.6%","uptime":4431}
2026-03-20T21:36:03Z [773C] {"message":"[23:28:04] [SETTINGS] Loaded - Temp=18.50°C±1.40, Hum=83.00%±3.00, Fan=50%/1min/1min","uptime":4443}
2026-03-20T21:36:05Z [773C] {"message":"[23:28:05] [HEATING_MODE] Temp=28.2°C, Range=[17.1 - 19.9]°C","uptime":4444}
2026-03-20T21:36:05Z [773C] {"message":"[23:28:06] ==================","uptime":4445}
2026-03-20T21:36:22Z [773C] {"message":"[23:28:22] [SENSOR] OK - 28.2°C, 38.6%","uptime":4462}
2026-03-20T21:36:35Z [773C] {"message":"[23:28:35] [HEATING_MODE] Temp=28.2°C, Range=[17.1 - 19.9]°C","uptime":4474}
2026-03-20T21:36:35Z [773C] {"message":"[23:28:36] ==================","uptime":4475}
2026-03-20T21:36:52Z [773C] {"message":"[23:28:52] [SENSOR] OK - 28.2°C, 38.4%","uptime":4492}
2026-03-20T21:37:03Z [773C] {"message":"[23:29:04] [SETTINGS] Loaded - Temp=18.50°C±1.40, Hum=83.00%±3.00, Fan=50%/1min/1min","uptime":4503}
2026-03-20T21:37:05Z [773C] {"message":"[23:29:05] [HEATING_MODE] Temp=28.2°C, Range=[17.1 - 19.9]°C","uptime":4504}
2026-03-20T21:37:05Z [773C] {"message":"[23:29:06] ==================","uptime":4505}
2026-03-20T21:37:22Z [773C] {"message":"[23:29:22] [SENSOR] OK - 28.2°C, 38.0%","uptime":4522}
2026-03-20T21:37:35Z [773C] {"message":"[23:29:35] [HEATING_MODE] Temp=28.2°C, Range=[17.1 - 19.9]°C","uptime":4534}
2026-03-20T21:37:35Z [773C] {"message":"[23:29:36] ==================","uptime":4535}
2026-03-20T21:37:52Z [773C] {"message":"[23:29:52] [SENSOR] OK - 28.2°C, 37.6%","uptime":4552}
2026-03-20T21:38:03Z [773C] {"message":"[23:30:04] [SETTINGS] Loaded - Temp=18.50°C±1.40, Hum=83.00%±3.00, Fan=50%/1min/1min","uptime":4563}
2026-03-20T21:38:05Z [773C] {"message":"[23:30:05] [HEATING_MODE] Temp=28.2°C, Range=[17.1 - 19.9]°C","uptime":4564}
2026-03-20T21:38:05Z [773C] {"message":"[23:30:06] ==================","uptime":4565}
2026-03-20T21:38:22Z [773C] {"message":"[23:30:22] [SENSOR] OK - 28.2°C, 38.5%","uptime":4582}
2026-03-20T21:38:35Z [773C] {"message":"[23:30:35] [HEATING_MODE] Temp=28.2°C, Range=[17.1 - 19.9]°C","uptime":4594}
2026-03-20T21:38:35Z [773C] {"message":"[23:30:36] ==================","uptime":4595}
2026-03-20T21:38:52Z [773C] {"message":"[23:30:53] [SENSOR] OK - 28.2°C, 37.9%","uptime":4612}
2026-03-20T21:39:03Z [773C] {"message":"[23:31:04] [SETTINGS] Loaded - Temp=18.50°C±1.40, Hum=83.00%±3.00, Fan=50%/1min/1min","uptime":4623}
2026-03-20T21:39:05Z [773C] {"message":"[23:31:05] [HEATING_MODE] Temp=28.2°C, Range=[17.1 - 19.9]°C","uptime":4624}
2026-03-20T21:39:05Z [773C] {"message":"[23:31:06] ==================","uptime":4625}
2026-03-20T21:39:28Z [773C] {"message":"[23:31:28] [SENSOR] OK - 28.2°C, 38.9%","uptime":4647}
2026-03-20T21:39:35Z [773C] {"message":"[23:31:35] [HEATING_MODE] Temp=28.2°C, Range=[17.1 - 19.9]°C","uptime":4654}
2026-03-20T21:39:35Z [773C] {"message":"[23:31:36] ==================","uptime":4655}
2026-03-20T21:39:58Z [773C] {"message":"[23:31:58] [SENSOR] OK - 28.2°C, 37.8%","uptime":4677}
2026-03-20T21:40:03Z [773C] {"message":"[23:32:04] [SETTINGS] Loaded - Temp=18.50°C±1.40, Hum=83.00%±3.00, Fan=50%/1min/1min","uptime":4683}
2026-03-20T21:40:05Z [773C] {"message":"[23:32:05] [HEATING_MODE] Temp=28.2°C, Range=[17.1 - 19.9]°C","uptime":4684}
2026-03-20T21:40:05Z [773C] {"message":"[23:32:06] ==================","uptime":4685}
2026-03-20T21:40:28Z [773C] {"message":"[23:32:28] [SENSOR] OK - 28.3°C, 38.4%","uptime":4707}
2026-03-20T21:40:35Z [773C] {"message":"[23:32:35] [HEATING_MODE] Temp=28.3°C, Range=[17.1 - 19.9]°C","uptime":4714}
2026-03-20T21:40:35Z [773C] {"message":"[23:32:36] ==================","uptime":4715}
2026-03-20T21:40:58Z [773C] {"message":"[23:32:58] [SENSOR] OK - 28.3°C, 37.9%","uptime":4737}
2026-03-20T21:41:03Z [773C] {"message":"[23:33:04] [SETTINGS] Loaded - Temp=18.50°C±1.40, Hum=83.00%±3.00, Fan=50%/1min/1min","uptime":4743}
2026-03-20T22:37:35Z [773C] {"message":"[00:29:35] [SENSOR] OK - 28.0°C, 37.6%","uptime":8135}
2026-03-20T22:37:38Z [773C] {"message":"[00:29:38] ==================","uptime":8137}
2026-03-20T22:38:06Z [773C] {"message":"[00:30:05] [SENSOR] OK - 27.9°C, 37.6%","uptime":8165}
2026-03-20T22:38:06Z [773C] {"message":"[00:30:06] [HEATING_MODE] Temp=27.9°C, Range=[17.1 - 19.9]°C","uptime":8165}
2026-03-20T22:38:08Z [773C] {"message":"[00:30:08] ==================","uptime":8167}
2026-03-20T22:38:36Z [773C] {"message":"[00:30:35] [SENSOR] OK - 27.9°C, 38.1%","uptime":8195}
2026-03-20T22:38:36Z [773C] {"message":"[00:30:36] [HEATING_MODE] Temp=27.9°C, Range=[17.1 - 19.9]°C","uptime":8195}
2026-03-20T22:38:38Z [773C] {"message":"[00:30:38] ==================","uptime":8198}
2026-03-20T22:39:06Z [773C] {"message":"[00:31:05] [SENSOR] OK - 27.9°C, 38.7%","uptime":8225}
2026-03-20T22:39:06Z [773C] {"message":"[00:31:06] [HEATING_MODE] Temp=27.9°C, Range=[17.1 - 19.9]°C","uptime":8225}
2026-03-20T22:39:09Z [773C] {"message":"[00:31:08] ==================","uptime":8228}
2026-03-20T22:39:36Z [773C] {"message":"[00:31:36] [SENSOR] OK - 27.9°C, 38.6%","uptime":8255}
2026-03-20T22:39:36Z [773C] {"message":"[00:31:36] [HEATING_MODE] Temp=27.9°C, Range=[17.1 - 19.9]°C","uptime":8255}
2026-03-20T22:39:39Z [773C] {"message":"[00:31:38] ==================","uptime":8258}
2026-03-20T22:40:06Z [773C] {"message":"[00:32:06] [SENSOR] OK - 27.9°C, 41.2%","uptime":8285}
2026-03-20T22:40:06Z [773C] {"message":"[00:32:06] [HEATING_MODE] Temp=27.9°C, Range=[17.1 - 19.9]°C","uptime":8286}
2026-03-20T22:40:08Z [773C] {"message":"[00:32:08] ==================","uptime":8288}
